<?xml version='1.0'?>
<ns2:test-suite xmlns:ns2='urn:model.allure.qatools.yandex.ru' start='1652981841658' stop='1652981847457'>
    <name>Search Input: As a user, I should be able to search by Category</name>
    <title>Search Input: As a user, I should be able to search by Category</title>
    <test-cases>
        <test-case start='1652981841659' status='passed' stop='1652981841659'>
            <name></name>
            <title></title>
            <labels>
                <label name='language' value='javascript'/>
                <label name='framework' value='wdio'/>
                <label name='thread' value='0-0'/>
            </labels>
            <parameters>
                <parameter kind='argument' name='browser' value='chrome-101.0.4951.64'/>
            </parameters>
            <steps/>
            <attachments/>
        </test-case>
        <test-case start='1652981841660' status='passed' stop='1652981847456'>
            <name>Given I am on the home page</name>
            <title>Given I am on the home page</title>
            <labels>
                <label name='language' value='javascript'/>
                <label name='framework' value='wdio'/>
                <label name='thread' value='0-0'/>
            </labels>
            <parameters>
                <parameter kind='argument' name='browser' value='chrome-101.0.4951.64'/>
            </parameters>
            <steps/>
            <attachments/>
        </test-case>
        <test-case start='1652981847456' status='broken' stop='1652981847456'>
            <name>When on the navbar I select category "All"</name>
            <title>When on the navbar I select category "All"</title>
            <labels>
                <label name='language' value='javascript'/>
                <label name='framework' value='wdio'/>
                <label name='thread' value='0-0'/>
            </labels>
            <parameters>
                <parameter kind='argument' name='browser' value='chrome-101.0.4951.64'/>
            </parameters>
            <steps/>
            <attachments/>
            <failure>
                <message>Step "on the navbar I select category "All"" is not defined. You can ignore this error by setting cucumberOpts.ignoreUndefinedDefinitions as true.</message>
                <stack-trace>Step "on the navbar I select category "All"" is not defined. You can ignore this error by setting cucumberOpts.ignoreUndefinedDefinitions as true.
                	at Feature(/Users/luiscas/Enroute/e2e-testing-main/luis-dominguez/cucumber/features/login.feature):1:1
                	at Scenario(As a user, I should be able to search by Category):3:3
                	at Step(on the navbar I select category "&lt;Category>"):5:5
                </stack-trace>
            </failure>
        </test-case>
        <test-case start='1652981847456' status='broken' stop='1652981847456'>
            <name>Then I should see the category dropdown now matches "All"</name>
            <title>Then I should see the category dropdown now matches "All"</title>
            <labels>
                <label name='language' value='javascript'/>
                <label name='framework' value='wdio'/>
                <label name='thread' value='0-0'/>
            </labels>
            <parameters>
                <parameter kind='argument' name='browser' value='chrome-101.0.4951.64'/>
            </parameters>
            <steps/>
            <attachments/>
            <failure>
                <message>Step "I should see the category dropdown now matches "All"" is not defined. You can ignore this error by setting cucumberOpts.ignoreUndefinedDefinitions as true.</message>
                <stack-trace>Step "I should see the category dropdown now matches "All"" is not defined. You can ignore this error by setting cucumberOpts.ignoreUndefinedDefinitions as true.
                	at Feature(/Users/luiscas/Enroute/e2e-testing-main/luis-dominguez/cucumber/features/login.feature):1:1
                	at Scenario(As a user, I should be able to search by Category):3:3
                	at Step(I should see the category dropdown now matches "&lt;Category>"):6:5
                </stack-trace>
            </failure>
        </test-case>
        <test-case start='1652981847456' status='passed' stop='1652981847457'>
            <name></name>
            <title></title>
            <labels>
                <label name='language' value='javascript'/>
                <label name='framework' value='wdio'/>
                <label name='thread' value='0-0'/>
            </labels>
            <parameters>
                <parameter kind='argument' name='browser' value='chrome-101.0.4951.64'/>
            </parameters>
            <steps/>
            <attachments/>
        </test-case>
    </test-cases>
</ns2:test-suite>